<html>
<body>
<pre>
<h1>Vision Build Log</h1>
<h2>Tool Versions:</h2>
IDE-Version: μVision V5.41.0.0
Copyright (C) 2024 ARM Ltd and ARM Germany GmbH. All rights reserved.
License Information: 1 1, 1, LIC=QF82M-XPKCI-ARRXW-QWF0S-EDBAV-K5K14
 
Tool Versions:
Toolchain:       MDK-ARM Plus  Version: 5.41.0.0
Toolchain Path:  D:\AppData\MDK_ARM\Keil_v5\ARM\ARMCC\Bin
C Compiler:      Armcc.exe V5.06 update 7 (build 960)
Assembler:       Armasm.exe V5.06 update 7 (build 960)
Linker/Locator:  ArmLink.exe V5.06 update 7 (build 960)
Library Manager: ArmAr.exe V5.06 update 7 (build 960)
Hex Converter:   FromElf.exe V5.06 update 7 (build 960)
CPU DLL:         SARMCM3.DLL V5.41.0.0
Dialog DLL:      DCM.DLL V1.17.5.0
Target DLL:      UL2CM3.DLL V1.164.14.0
Dialog DLL:      TCM.DLL V1.56.4.0
 
<h2>Project:</h2>
D:\GitLocalRepository\Embedded\RTOS\freertos注释\stm32f103c8\Project\pro.uvprojx
Project File Date:  04/27/2025

<h2>Output:</h2>
*** Using Compiler 'V5.06 update 7 (build 960)', folder: 'D:\AppData\MDK_ARM\Keil_v5\ARM\ARMCC\Bin'
Build target 'QUAV_F1'
assembling startup_stm32f10x_md.s...
compiling stm32f10x_bkp.c...
compiling stm32f10x_dbgmcu.c...
compiling stm32f10x_cec.c...
compiling misc.c...
compiling stm32f10x_i2c.c...
compiling stm32f10x_dac.c...
compiling stm32f10x_crc.c...
compiling stm32f10x_exti.c...
compiling stm32f10x_iwdg.c...
compiling stm32f10x_adc.c...
compiling stm32f10x_dma.c...
compiling stm32f10x_gpio.c...
compiling stm32f10x_fsmc.c...
compiling stm32f10x_flash.c...
compiling stm32f10x_can.c...
compiling stm32f10x_pwr.c...
compiling stm32f10x_rcc.c...
compiling stm32f10x_rtc.c...
compiling stm32f10x_sdio.c...
compiling stm32f10x_spi.c...
compiling stm32f10x_usart.c...
compiling stm32f10x_wwdg.c...
compiling stm32f10x_tim.c...
compiling system_stm32f10x.c...
compiling stm32f10x_it.c...
compiling freertos_demo.c...
..\User\freertos_demo.c(17): error:  #169: expected a declaration
  <<<<<<< HEAD
..\User\freertos_demo.c(20): error:  #19: extra text after expected end of number
  >>>>>>> parent of 61af1c2 (璧)
..\User\FreeRTOS_demo.h(28): warning:  #12-D: parsing restarts here after previous syntax error
  void FreeRTOS_demo(void);
..\User\freertos_demo.c(24): error:  #169: expected a declaration
  <<<<<<< HEAD
..\User\freertos_demo.c(27): warning:  #12-D: parsing restarts here after previous syntax error
  void start_task(void *pvParameters);
..\User\freertos_demo.c(50): error:  #169: expected a declaration
  =======
..\User\freertos_demo.c(65): warning:  #12-D: parsing restarts here after previous syntax error
  TaskHandle_t  StartTask_handler;
..\User\freertos_demo.c(76): error:  #169: expected a declaration
  >>>>>>> parent of 61af1c2 (璧)
..\User\freertos_demo.c(76): error:  #19: extra text after expected end of number
  >>>>>>> parent of 61af1c2 (璧)
..\User\freertos_demo.c(83): warning:  #12-D: parsing restarts here after previous syntax error
  TaskHandle_t  Task2_handler;
..\User\freertos_demo.c(102): error:  #29: expected an expression
  <<<<<<< HEAD
..\User\freertos_demo.c(108): warning:  #12-D: parsing restarts here after previous syntax error
                  (TaskHandle_t *)&StartTask_Handle);
..\User\freertos_demo.c(109): error:  #29: expected an expression
  =======
..\User\freertos_demo.c(116): warning:  #12-D: parsing restarts here after previous syntax error
      );
..\User\freertos_demo.c(117): error:  #29: expected an expression
  >>>>>>> parent of 61af1c2 (璧)
..\User\freertos_demo.c(117): error:  #19: extra text after expected end of number
  >>>>>>> parent of 61af1c2 (璧)
..\User\freertos_demo.c(121): error:  #169: expected a declaration
  <<<<<<< HEAD
..\User\freertos_demo.c(144): warning:  #12-D: parsing restarts here after previous syntax error
      taskEXIT_CRITICAL();
..\User\freertos_demo.c(145): error:  #169: expected a declaration
  =======
..\User\freertos_demo.c(177): warning:  #12-D: parsing restarts here after previous syntax error
  						 );
..\User\freertos_demo.c(178): error:  #79: expected a type specifier
  	vTaskDelete(NULL);
..\User\freertos_demo.c(178): warning:  #77-D: this declaration has no storage class or type specifier
  	vTaskDelete(NULL);
..\User\freertos_demo.c(178): error:  #147: declaration is incompatible with "void vTaskDelete(TaskHandle_t)"  (declared at line 740 of "..\Middlewares\FreeRTOS\include\task.h")
  	vTaskDelete(NULL);
..\User\freertos_demo.c(179): warning:  #1295-D: Deprecated declaration vPortExitCritical - give arg types
  	taskEXIT_CRITICAL();                                           /* 退出临界区 */
..\User\freertos_demo.c(179): warning:  #77-D: this declaration has no storage class or type specifier
  	taskEXIT_CRITICAL();                                           /* 退出临界区 */
..\User\freertos_demo.c(179): error:  #147: declaration is incompatible with "void vPortExitCritical(void)"  (declared at line 106 of "..\Middlewares\FreeRTOS\portable\RVDS\ARM_CM3\portmacro.h")
  	taskEXIT_CRITICAL();                                           /* 退出临界区 */
..\User\freertos_demo.c(180): error:  #169: expected a declaration
  >>>>>>> parent of 61af1c2 (璧)
..\User\freertos_demo.c(180): error:  #19: extra text after expected end of number
  >>>>>>> parent of 61af1c2 (璧)
..\User\freertos_demo.c(238): warning:  #12-D: parsing restarts here after previous syntax error
  				printf("删除任务2\n");
..\User\freertos_demo.c(239): warning:  #77-D: this declaration has no storage class or type specifier
  				Task2_handler=NULL;
..\User\freertos_demo.c(240): error:  #169: expected a declaration
  			}
..\User\freertos_demo.c(243): error:  #169: expected a declaration
  	}    
..\User\freertos_demo.c(426): error:  #19: extra text after expected end of number
  >>>>>>> parent of 61af1c2 (璧)
..\User\freertos_demo.c(426): warning: At end of source:  #12-D: parsing restarts here after previous syntax error
..\User\freertos_demo.c: 14 warnings, 20 errors
compiling bsp_sys.c...
compiling main.c...
compiling bsp_usart.c...
compiling bsp_dma.c...
..\Hardware\DMA\bsp_dma.c(26): warning:  #177-D: function "DMA_NVIC_Configure"  was declared but never referenced
  static void DMA_NVIC_Configure(void)
..\Hardware\DMA\bsp_dma.c: 1 warning, 0 errors
compiling bsp_systick.c...
compiling bsp_tim.c...
compiling filter.c...
compiling globle.c...
compiling sbus.c...
compiling croutine.c...
compiling event_groups.c...
compiling list.c...
compiling stream_buffer.c...
compiling queue.c...
compiling heap_4.c...
compiling timers.c...
compiling tasks.c...
..\Middlewares\FreeRTOS\tasks.c(766): warning:  #9-D: nested comment is not allowed
      /*当栈向下生长时，先申请堆栈内存，再申请TCB内存*/
..\Middlewares\FreeRTOS\tasks.c: 1 warning, 0 errors
compiling port.c...
".\Objects\pro.axf" - 20 Error(s), 16 Warning(s).

<h2>Software Packages used:</h2>

Package Vendor: Keil
                https://www.keil.com/pack/Keil.STM32F1xx_DFP.2.4.1.pack
                Keil::STM32F1xx_DFP@2.4.1
                STMicroelectronics STM32F1 Series Device Support, Drivers and Examples

<h2>Collection of Component include folders:</h2>
  D:/AppData/MDK_ARM/Arm/Packs/Keil/STM32F1xx_DFP/2.4.1/Device/Include

<h2>Collection of Component Files used:</h2>
Target not created.
Build Time Elapsed:  00:00:02
</pre>
</body>
</html>
